<?xml version="1.0" encoding="UTF-8"?>
<samlp:Response Destination="replaceWithDestination" ID="_bb64e2be9e6db72a13d17ab66d8459dc" InResponseTo="test-in-response-to"
                IssueInstant="replaceWithCurrentTime" Version="2.0" xmlns:samlp="urn:oasis:names:tc:SAML:2.0:protocol">
    <saml:Issuer xmlns:saml="urn:oasis:names:tc:SAML:2.0:assertion">test-issuer-name</saml:Issuer>
    <ds:Signature xmlns:ds="http://www.w3.org/2000/09/xmldsig#">
        <ds:SignedInfo xmlns:ds="http://www.w3.org/2000/09/xmldsig#">
            <ds:CanonicalizationMethod Algorithm="http://www.w3.org/2001/10/xml-exc-c14n#" xmlns:ds="http://www.w3.org/2000/09/xmldsig#" />
            <ds:SignatureMethod Algorithm="http://www.w3.org/2000/09/xmldsig#rsa-sha1" xmlns:ds="http://www.w3.org/2000/09/xmldsig#" />
            <ds:Reference URI="#_bb64e2be9e6db72a13d17ab66d8459dc" xmlns:ds="http://www.w3.org/2000/09/xmldsig#">
                <ds:Transforms xmlns:ds="http://www.w3.org/2000/09/xmldsig#">
                    <ds:Transform Algorithm="http://www.w3.org/2000/09/xmldsig#enveloped-signature"
                                  xmlns:ds="http://www.w3.org/2000/09/xmldsig#" />
                    <ds:Transform Algorithm="http://www.w3.org/2001/10/xml-exc-c14n#" xmlns:ds="http://www.w3.org/2000/09/xmldsig#">
                        <ec:InclusiveNamespaces PrefixList="ds saml samlp" xmlns:ec="http://www.w3.org/2001/10/xml-exc-c14n#" />
                    </ds:Transform>
                </ds:Transforms>
                <ds:DigestMethod Algorithm="http://www.w3.org/2001/04/xmlenc#sha256" xmlns:ds="http://www.w3.org/2000/09/xmldsig#" />
                <ds:DigestValue xmlns:ds="http://www.w3.org/2000/09/xmldsig#">
                    LsTKHoiVpFv5DC0uf7MqkG3lBp+K/MdaO6fwWTlHXso=
                </ds:DigestValue>
            </ds:Reference>
        </ds:SignedInfo>
        <ds:SignatureValue xmlns:ds="http://www.w3.org/2000/09/xmldsig#">
            VxcMr7m57dqweYxumjEXCd2kSmMGHCLLukdySva0PirPVLAgx7tHMLK0dRqVmrJtJ2T0tEqiyCMc
            +yacCH+nSNIICEscMfxREF72MKecEbNox9fiM903FaJzeU5DaVOLFJuyaU0uG8knFf6y7ySLSQQg
            /HGQcYXFyh3/+lpWUb4=
        </ds:SignatureValue>
        <ds:KeyInfo>
            <ds:KeyValue>
                <ds:RSAKeyValue>
                    <ds:Modulus>
                        AMfnS0wtvriBs1Gx1ec5vj57EjGlV4qIxhWdhRlGaTmMWMMlgxdhNq8PqY53kKK//x3hH1u0CRnr
                        YaGBYexkRw0ZbU91ek6FyPKhg4Jn1xjCAu6hFneRDAbcgthbBiIgetrEtZbRmltSQxgV0Gos+Waa
                        AayIZT7xhQABvD9Lrk+3
                    </ds:Modulus>
                    <ds:Exponent>AQAB</ds:Exponent>
                </ds:RSAKeyValue>
            </ds:KeyValue>
        </ds:KeyInfo>
    </ds:Signature>
    <samlp:Status>
        <samlp:StatusCode Value="urn:oasis:names:tc:SAML:2.0:status:Success" />
    </samlp:Status>
    <saml:Assertion ID="_79296f38debe033f65a5683d7ab10b34" IssueInstant="replaceWithCurrentTime" Version="2.0"
                    xmlns:saml="urn:oasis:names:tc:SAML:2.0:assertion">
        <saml:Issuer>test-issuer-name</saml:Issuer>
        <saml:Subject>
            <saml:NameID>test-user-name</saml:NameID>
        </saml:Subject>
        <saml:Conditions NotBefore="replaceWithCurrentTime" NotOnOrAfter="replaceWithCurrentPlusValidityTime">
            <saml:AudienceRestriction>
                <saml:Audience>test-application</saml:Audience>
            </saml:AudienceRestriction>
        </saml:Conditions>
        <saml:AuthnStatement AuthnInstant="replaceWithCurrentTime">
            <saml:AuthnContext>
                <saml:AuthnContextClassRef>
                    urn:oasis:names:tc:SAML:2.0:ac:classes:SmartcardPKI
                </saml:AuthnContextClassRef>
            </saml:AuthnContext>
        </saml:AuthnStatement>
    </saml:Assertion>
</samlp:Response>
