<?xml version="1.0" encoding="UTF-8"?>
<jws:handler-chains xmlns:jws="http://java.sun.com/xml/ns/javaee">
    <jws:handler-chain>
        <jws:handler>
            <jws:handler-class>
                net.link.util.test.web.ws.TestWSSecurityServerHandler
            </jws:handler-class>
        </jws:handler>
    </jws:handler-chain>
</jws:handler-chains>
